<?xml version="1.0" encoding="UTF-8"?>
<testExecutions version="1">
  <file path="C:\Users\Aman\Desktop\Show-News-Feed\src\Component\News\News.unit.test.js">
  </file>
</testExecutions>